<?xml version="1.0" encoding="UTF-8"?>
<testng-results ignored="0" total="1" passed="1" failed="0" skipped="0">
  <reporter-output>
  </reporter-output>
  <suite started-at="2026-08-19T20:15:05 IST" name="Default suite" finished-at="2026-08-19T20:15:10 IST" duration-ms="5418">
    <groups>
    </groups>
    <test started-at="2026-08-19T20:15:05 IST" name="Default test" finished-at="2026-08-19T20:15:10 IST" duration-ms="5418">
      <class name="com.coforge.testcases.ExecuteLoginPage">
        <test-method signature="CheckValidUser()[pri:0, instance:com.coforge.testcases.ExecuteLoginPage@4b23c30a]" started-at="2026-08-19T20:15:05 IST" name="CheckValidUser" finished-at="2026-08-19T20:15:10 IST" duration-ms="5176" status="PASS">
          <reporter-output>
          </reporter-output>
        </test-method> <!-- CheckValidUser -->
      </class> <!-- com.coforge.testcases.ExecuteLoginPage -->
    </test> <!-- Default test -->
  </suite> <!-- Default suite -->
</testng-results>
