<?xml version="1.0" encoding="UTF-8"?>
<testng-results ignored="0" total="1" passed="1" failed="0" skipped="0">
  <reporter-output>
  </reporter-output>
  <suite started-at="2026-08-19T18:38:32 IST" name="Default suite" finished-at="2026-08-19T18:38:57 IST" duration-ms="24292">
    <groups>
    </groups>
    <test started-at="2026-08-19T18:38:32 IST" name="Default test" finished-at="2026-08-19T18:38:57 IST" duration-ms="24292">
      <class name="com.coforge.dropdown.DropDown143">
        <test-method is-config="true" signature="Setup()[pri:0, instance:com.coforge.dropdown.DropDown143@545de5a4]" started-at="2026-08-19T18:38:32 IST" name="Setup" finished-at="2026-08-19T18:38:35 IST" duration-ms="3198" status="PASS">
          <reporter-output>
          </reporter-output>
        </test-method> <!-- Setup -->
        <test-method signature="DropDownList()[pri:0, instance:com.coforge.dropdown.DropDown143@545de5a4]" started-at="2026-08-19T18:38:36 IST" name="DropDownList" finished-at="2026-08-19T18:38:56 IST" duration-ms="20805" status="PASS">
          <reporter-output>
          </reporter-output>
        </test-method> <!-- DropDownList -->
        <test-method is-config="true" signature="tearDown()[pri:0, instance:com.coforge.dropdown.DropDown143@545de5a4]" started-at="2026-08-19T18:38:56 IST" name="tearDown" finished-at="2026-08-19T18:38:57 IST" duration-ms="188" status="PASS">
          <reporter-output>
          </reporter-output>
        </test-method> <!-- tearDown -->
      </class> <!-- com.coforge.dropdown.DropDown143 -->
    </test> <!-- Default test -->
  </suite> <!-- Default suite -->
</testng-results>
