<?xml version="1.0" encoding="UTF-8"?>
<!-- Generated by org.testng.reporters.JUnitReportReporter -->
<testsuite hostname="LAPTOP-EKP2DLKU" failures="0" tests="3" name="com.coforge.paralleltesting.ParallelTestingDemo" time="27.674" errors="0" timestamp="2026-08-19T14:31:42 IST" skipped="0">
  <testcase classname="com.coforge.paralleltesting.ParallelTestingDemo" name="BrowserTest" time="10.003"/>
  <testcase classname="com.coforge.paralleltesting.ParallelTestingDemo" name="BrowserTest" time="7.535"/>
  <testcase classname="com.coforge.paralleltesting.ParallelTestingDemo" name="BrowserTest" time="10.136"/>
</testsuite> <!-- com.coforge.paralleltesting.ParallelTestingDemo -->
