<?xml version="1.0" encoding="UTF-8"?>
<testng-results ignored="0" total="3" passed="3" failed="0" skipped="0">
  <reporter-output>
  </reporter-output>
  <suite started-at="2026-08-19T14:31:23 IST" name="Suite" finished-at="2026-08-19T14:31:42 IST" duration-ms="18923">
    <groups>
    </groups>
    <test started-at="2026-08-19T14:31:23 IST" name="EdgeTest" finished-at="2026-08-19T14:31:33 IST" duration-ms="9969">
      <class name="com.coforge.paralleltesting.ParallelTestingDemo">
        <test-method is-config="true" signature="setUp(java.lang.String)[pri:0, instance:com.coforge.paralleltesting.ParallelTestingDemo@3a4621bd]" started-at="2026-08-19T14:31:23 IST" name="setUp" finished-at="2026-08-19T14:31:24 IST" duration-ms="1495" status="PASS">
          <params>
            <param index="0">
              <value>
                <![CDATA[Edge]]>
              </value>
            </param>
          </params>
          <reporter-output>
          </reporter-output>
        </test-method> <!-- setUp -->
        <test-method signature="BrowserTest()[pri:0, instance:com.coforge.paralleltesting.ParallelTestingDemo@3a4621bd]" started-at="2026-08-19T14:31:24 IST" name="BrowserTest" finished-at="2026-08-19T14:31:32 IST" duration-ms="7535" status="PASS">
          <reporter-output>
          </reporter-output>
        </test-method> <!-- BrowserTest -->
        <test-method is-config="true" signature="tearDown()[pri:0, instance:com.coforge.paralleltesting.ParallelTestingDemo@3a4621bd]" started-at="2026-08-19T14:31:32 IST" name="tearDown" finished-at="2026-08-19T14:31:33 IST" duration-ms="632" status="PASS">
          <reporter-output>
          </reporter-output>
        </test-method> <!-- tearDown -->
      </class> <!-- com.coforge.paralleltesting.ParallelTestingDemo -->
    </test> <!-- EdgeTest -->
    <test started-at="2026-08-19T14:31:23 IST" name="ChromeTest" finished-at="2026-08-19T14:31:35 IST" duration-ms="12224">
      <class name="com.coforge.paralleltesting.ParallelTestingDemo">
        <test-method is-config="true" signature="setUp(java.lang.String)[pri:0, instance:com.coforge.paralleltesting.ParallelTestingDemo@524f3b3a]" started-at="2026-08-19T14:31:23 IST" name="setUp" finished-at="2026-08-19T14:31:24 IST" duration-ms="1495" status="PASS">
          <params>
            <param index="0">
              <value>
                <![CDATA[Chrome]]>
              </value>
            </param>
          </params>
          <reporter-output>
          </reporter-output>
        </test-method> <!-- setUp -->
        <test-method signature="BrowserTest()[pri:0, instance:com.coforge.paralleltesting.ParallelTestingDemo@524f3b3a]" started-at="2026-08-19T14:31:24 IST" name="BrowserTest" finished-at="2026-08-19T14:31:34 IST" duration-ms="10003" status="PASS">
          <reporter-output>
          </reporter-output>
        </test-method> <!-- BrowserTest -->
        <test-method is-config="true" signature="tearDown()[pri:0, instance:com.coforge.paralleltesting.ParallelTestingDemo@524f3b3a]" started-at="2026-08-19T14:31:34 IST" name="tearDown" finished-at="2026-08-19T14:31:35 IST" duration-ms="689" status="PASS">
          <reporter-output>
          </reporter-output>
        </test-method> <!-- tearDown -->
      </class> <!-- com.coforge.paralleltesting.ParallelTestingDemo -->
    </test> <!-- ChromeTest -->
    <test started-at="2026-08-19T14:31:23 IST" name="FirefoxTest" finished-at="2026-08-19T14:31:42 IST" duration-ms="18923">
      <class name="com.coforge.paralleltesting.ParallelTestingDemo">
        <test-method is-config="true" signature="setUp(java.lang.String)[pri:0, instance:com.coforge.paralleltesting.ParallelTestingDemo@6eb2384f]" started-at="2026-08-19T14:31:23 IST" name="setUp" finished-at="2026-08-19T14:31:31 IST" duration-ms="8226" status="PASS">
          <params>
            <param index="0">
              <value>
                <![CDATA[Firefox]]>
              </value>
            </param>
          </params>
          <reporter-output>
          </reporter-output>
        </test-method> <!-- setUp -->
        <test-method signature="BrowserTest()[pri:0, instance:com.coforge.paralleltesting.ParallelTestingDemo@6eb2384f]" started-at="2026-08-19T14:31:31 IST" name="BrowserTest" finished-at="2026-08-19T14:31:41 IST" duration-ms="10136" status="PASS">
          <reporter-output>
          </reporter-output>
        </test-method> <!-- BrowserTest -->
        <test-method is-config="true" signature="tearDown()[pri:0, instance:com.coforge.paralleltesting.ParallelTestingDemo@6eb2384f]" started-at="2026-08-19T14:31:41 IST" name="tearDown" finished-at="2026-08-19T14:31:42 IST" duration-ms="540" status="PASS">
          <reporter-output>
          </reporter-output>
        </test-method> <!-- tearDown -->
      </class> <!-- com.coforge.paralleltesting.ParallelTestingDemo -->
    </test> <!-- FirefoxTest -->
  </suite> <!-- Suite -->
</testng-results>
